# JRE version: Java(TM) SE Runtime Environment (8.0_331-b09) (build 1.8.0_331-b09)
# Java VM: Java HotSpot(TM) 64-Bit Server VM (25.331-b09 mixed mode windows-amd64 compressed oops)
Heap:
 PSYoungGen      total 190464K, used 164502K [0x00000000e0000000, 0x00000000ee500000, 0x0000000100000000)
  eden space 165888K, 84% used [0x00000000e0000000,0x00000000e88aaa58,0x00000000ea200000)
  from space 24576K, 99% used [0x00000000ebf80000,0x00000000ed77b058,0x00000000ed780000)
  to   space 30208K, 0% used [0x00000000ea200000,0x00000000ea200000,0x00000000ebf80000)
 ParOldGen       total 267264K, used 52838K [0x00000000a0000000, 0x00000000b0500000, 0x00000000e0000000)
  object space 267264K, 19% used [0x00000000a0000000,0x00000000a33998b0,0x00000000b0500000)
 Metaspace       used 79441K, capacity 82620K, committed 82816K, reserved 1120256K
  class space    used 10673K, capacity 11312K, committed 11392K, reserved 1048576K
GC Heap History (10 events):
Event: 11.605 GC heap before
{Heap before GC invocations=11 (full 2):
 PSYoungGen      total 140288K, used 77953K [0x00000000e0000000, 0x00000000e9e80000, 0x0000000100000000)
  eden space 125952K, 50% used [0x00000000e0000000,0x00000000e3e238b0,0x00000000e7b00000)
  from space 14336K, 99% used [0x00000000e8b00000,0x00000000e98fce10,0x00000000e9900000)
  to   space 16384K, 0% used [0x00000000e7b00000,0x00000000e7b00000,0x00000000e8b00000)
 ParOldGen       total 180736K, used 19322K [0x00000000a0000000, 0x00000000ab080000, 0x00000000e0000000)
  object space 180736K, 10% used [0x00000000a0000000,0x00000000a12deb58,0x00000000ab080000)
 Metaspace       used 57627K, capacity 59072K, committed 59160K, reserved 1099776K
  class space    used 7916K, capacity 8286K, committed 8320K, reserved 1048576K
Event: 11.621 GC heap after
Heap after GC invocations=11 (full 2):
 PSYoungGen      total 142336K, used 16376K [0x00000000e0000000, 0x00000000ebb00000, 0x0000000100000000)
  eden space 125952K, 0% used [0x00000000e0000000,0x00000000e0000000,0x00000000e7b00000)
  from space 16384K, 99% used [0x00000000e7b00000,0x00000000e8afe310,0x00000000e8b00000)
  to   space 18944K, 0% used [0x00000000ea880000,0x00000000ea880000,0x00000000ebb00000)
 ParOldGen       total 180736K, used 21599K [0x00000000a0000000, 0x00000000ab080000, 0x00000000e0000000)
  object space 180736K, 11% used [0x00000000a0000000,0x00000000a1517f60,0x00000000ab080000)
 Metaspace       used 57627K, capacity 59072K, committed 59160K, reserved 1099776K
  class space    used 7916K, capacity 8286K, committed 8320K, reserved 1048576K
}
Event: 11.621 GC heap before
{Heap before GC invocations=12 (full 3):
 PSYoungGen      total 142336K, used 16376K [0x00000000e0000000, 0x00000000ebb00000, 0x0000000100000000)
  eden space 125952K, 0% used [0x00000000e0000000,0x00000000e0000000,0x00000000e7b00000)
  from space 16384K, 99% used [0x00000000e7b00000,0x00000000e8afe310,0x00000000e8b00000)
  to   space 18944K, 0% used [0x00000000ea880000,0x00000000ea880000,0x00000000ebb00000)
 ParOldGen       total 180736K, used 21599K [0x00000000a0000000, 0x00000000ab080000, 0x00000000e0000000)
  object space 180736K, 11% used [0x00000000a0000000,0x00000000a1517f60,0x00000000ab080000)
 Metaspace       used 57627K, capacity 59072K, committed 59160K, reserved 1099776K
  class space    used 7916K, capacity 8286K, committed 8320K, reserved 1048576K
Event: 11.771 GC heap after
Heap after GC invocations=12 (full 3):
 PSYoungGen      total 142336K, used 0K [0x00000000e0000000, 0x00000000ebb00000, 0x0000000100000000)
  eden space 125952K, 0% used [0x00000000e0000000,0x00000000e0000000,0x00000000e7b00000)
  from space 16384K, 0% used [0x00000000e7b00000,0x00000000e7b00000,0x00000000e8b00000)
  to   space 18944K, 0% used [0x00000000ea880000,0x00000000ea880000,0x00000000ebb00000)
 ParOldGen       total 267264K, used 32984K [0x00000000a0000000, 0x00000000b0500000, 0x00000000e0000000)
  object space 267264K, 12% used [0x00000000a0000000,0x00000000a2036250,0x00000000b0500000)
 Metaspace       used 57627K, capacity 59072K, committed 59160K, reserved 1099776K
  class space    used 7916K, capacity 8286K, committed 8320K, reserved 1048576K
}
Event: 13.855 GC heap before
{Heap before GC invocations=13 (full 3):
 PSYoungGen      total 142336K, used 125952K [0x00000000e0000000, 0x00000000ebb00000, 0x0000000100000000)
  eden space 125952K, 100% used [0x00000000e0000000,0x00000000e7b00000,0x00000000e7b00000)
  from space 16384K, 0% used [0x00000000e7b00000,0x00000000e7b00000,0x00000000e8b00000)
  to   space 18944K, 0% used [0x00000000ea880000,0x00000000ea880000,0x00000000ebb00000)
 ParOldGen       total 267264K, used 32984K [0x00000000a0000000, 0x00000000b0500000, 0x00000000e0000000)
  object space 267264K, 12% used [0x00000000a0000000,0x00000000a2036250,0x00000000b0500000)
 Metaspace       used 61858K, capacity 63752K, committed 63872K, reserved 1103872K
  class space    used 8520K, capacity 8976K, committed 9088K, reserved 1048576K
Event: 13.868 GC heap after
Heap after GC invocations=13 (full 3):
 PSYoungGen      total 158720K, used 11436K [0x00000000e0000000, 0x00000000eb400000, 0x0000000100000000)
  eden space 146944K, 0% used [0x00000000e0000000,0x00000000e0000000,0x00000000e8f80000)
  from space 11776K, 97% used [0x00000000ea880000,0x00000000eb3ab1b0,0x00000000eb400000)
  to   space 17920K, 0% used [0x00000000e9100000,0x00000000e9100000,0x00000000ea280000)
 ParOldGen       total 267264K, used 32992K [0x00000000a0000000, 0x00000000b0500000, 0x00000000e0000000)
  object space 267264K, 12% used [0x00000000a0000000,0x00000000a2038250,0x00000000b0500000)
 Metaspace       used 61858K, capacity 63752K, committed 63872K, reserved 1103872K
  class space    used 8520K, capacity 8976K, committed 9088K, reserved 1048576K
}
Event: 16.237 GC heap before
{Heap before GC invocations=14 (full 3):
 PSYoungGen      total 158720K, used 158380K [0x00000000e0000000, 0x00000000eb400000, 0x0000000100000000)
  eden space 146944K, 100% used [0x00000000e0000000,0x00000000e8f80000,0x00000000e8f80000)
  from space 11776K, 97% used [0x00000000ea880000,0x00000000eb3ab1b0,0x00000000eb400000)
  to   space 17920K, 0% used [0x00000000e9100000,0x00000000e9100000,0x00000000ea280000)
 ParOldGen       total 267264K, used 32992K [0x00000000a0000000, 0x00000000b0500000, 0x00000000e0000000)
  object space 267264K, 12% used [0x00000000a0000000,0x00000000a2038250,0x00000000b0500000)
 Metaspace       used 67126K, capacity 69142K, committed 69376K, reserved 1110016K
  class space    used 9160K, capacity 9635K, committed 9728K, reserved 1048576K
Event: 16.255 GC heap after
Heap after GC invocations=14 (full 3):
 PSYoungGen      total 166400K, used 17899K [0x00000000e0000000, 0x00000000ed780000, 0x0000000100000000)
  eden space 148480K, 0% used [0x00000000e0000000,0x00000000e0000000,0x00000000e9100000)
  from space 17920K, 99% used [0x00000000e9100000,0x00000000ea27ad70,0x00000000ea280000)
  to   space 24576K, 0% used [0x00000000ebf80000,0x00000000ebf80000,0x00000000ed780000)
 ParOldGen       total 267264K, used 45215K [0x00000000a0000000, 0x00000000b0500000, 0x00000000e0000000)
  object space 267264K, 16% used [0x00000000a0000000,0x00000000a2c27fd0,0x00000000b0500000)
 Metaspace       used 67126K, capacity 69142K, committed 69376K, reserved 1110016K
  class space    used 9160K, capacity 9635K, committed 9728K, reserved 1048576K
}
Event: 19.685 GC heap before
{Heap before GC invocations=15 (full 3):
 PSYoungGen      total 166400K, used 166379K [0x00000000e0000000, 0x00000000ed780000, 0x0000000100000000)
  eden space 148480K, 100% used [0x00000000e0000000,0x00000000e9100000,0x00000000e9100000)
  from space 17920K, 99% used [0x00000000e9100000,0x00000000ea27ad70,0x00000000ea280000)
  to   space 24576K, 0% used [0x00000000ebf80000,0x00000000ebf80000,0x00000000ed780000)
 ParOldGen       total 267264K, used 45215K [0x00000000a0000000, 0x00000000b0500000, 0x00000000e0000000)
  object space 267264K, 16% used [0x00000000a0000000,0x00000000a2c27fd0,0x00000000b0500000)
 Metaspace       used 74831K, capacity 77320K, committed 77568K, reserved 1116160K
  class space    used 10114K, capacity 10672K, committed 10752K, reserved 1048576K
Event: 19.719 GC heap after
Heap after GC invocations=15 (full 3):
 PSYoungGen      total 190464K, used 24556K [0x00000000e0000000, 0x00000000ee500000, 0x0000000100000000)
  eden space 165888K, 0% used [0x00000000e0000000,0x00000000e0000000,0x00000000ea200000)
  from space 24576K, 99% used [0x00000000ebf80000,0x00000000ed77b058,0x00000000ed780000)
  to   space 30208K, 0% used [0x00000000ea200000,0x00000000ea200000,0x00000000ebf80000)
 ParOldGen       total 267264K, used 52838K [0x00000000a0000000, 0x00000000b0500000, 0x00000000e0000000)
  object space 267264K, 19% used [0x00000000a0000000,0x00000000a33998b0,0x00000000b0500000)
 Metaspace       used 74831K, capacity 77320K, committed 77568K, reserved 1116160K
  class space    used 10114K, capacity 10672K, committed 10752K, reserved 1048576K
}

