# JRE version: Java(TM) SE Runtime Environment (8.0_331-b09) (build 1.8.0_331-b09)
# Java VM: Java HotSpot(TM) 64-Bit Server VM (25.331-b09 mixed mode windows-amd64 compressed oops)
Heap:
 PSYoungGen      total 179200K, used 116386K [0x00000000e0000000, 0x00000000ede80000, 0x0000000100000000)
  eden space 159232K, 60% used [0x00000000e0000000,0x00000000e5e29ae8,0x00000000e9b80000)
  from space 19968K, 99% used [0x00000000e9b80000,0x00000000eaefee18,0x00000000eaf00000)
  to   space 23040K, 0% used [0x00000000ec800000,0x00000000ec800000,0x00000000ede80000)
 ParOldGen       total 258048K, used 35763K [0x00000000a0000000, 0x00000000afc00000, 0x00000000e0000000)
  object space 258048K, 13% used [0x00000000a0000000,0x00000000a22ecd78,0x00000000afc00000)
 Metaspace       used 75740K, capacity 78328K, committed 78464K, reserved 1118208K
  class space    used 10008K, capacity 10572K, committed 10624K, reserved 1048576K
GC Heap History (10 events):
Event: 9.738 GC heap before
{Heap before GC invocations=10 (full 2):
 PSYoungGen      total 114688K, used 111263K [0x00000000e0000000, 0x00000000ea100000, 0x0000000100000000)
  eden space 101376K, 100% used [0x00000000e0000000,0x00000000e6300000,0x00000000e6300000)
  from space 13312K, 74% used [0x00000000e6300000,0x00000000e6ca7e10,0x00000000e7000000)
  to   space 12800K, 0% used [0x00000000e9480000,0x00000000e9480000,0x00000000ea100000)
 ParOldGen       total 170496K, used 14883K [0x00000000a0000000, 0x00000000aa680000, 0x00000000e0000000)
  object space 170496K, 8% used [0x00000000a0000000,0x00000000a0e88d88,0x00000000aa680000)
 Metaspace       used 48945K, capacity 50296K, committed 50560K, reserved 1093632K
  class space    used 6609K, capacity 6953K, committed 7040K, reserved 1048576K
Event: 9.752 GC heap after
Heap after GC invocations=10 (full 2):
 PSYoungGen      total 147968K, used 12796K [0x00000000e0000000, 0x00000000ea980000, 0x0000000100000000)
  eden space 135168K, 0% used [0x00000000e0000000,0x00000000e0000000,0x00000000e8400000)
  from space 12800K, 99% used [0x00000000e9480000,0x00000000ea0ff320,0x00000000ea100000)
  to   space 16896K, 0% used [0x00000000e8400000,0x00000000e8400000,0x00000000e9480000)
 ParOldGen       total 170496K, used 20840K [0x00000000a0000000, 0x00000000aa680000, 0x00000000e0000000)
  object space 170496K, 12% used [0x00000000a0000000,0x00000000a145a008,0x00000000aa680000)
 Metaspace       used 48945K, capacity 50296K, committed 50560K, reserved 1093632K
  class space    used 6609K, capacity 6953K, committed 7040K, reserved 1048576K
}
Event: 11.308 GC heap before
{Heap before GC invocations=11 (full 2):
 PSYoungGen      total 147968K, used 111245K [0x00000000e0000000, 0x00000000ea980000, 0x0000000100000000)
  eden space 135168K, 72% used [0x00000000e0000000,0x00000000e6024318,0x00000000e8400000)
  from space 12800K, 99% used [0x00000000e9480000,0x00000000ea0ff320,0x00000000ea100000)
  to   space 16896K, 0% used [0x00000000e8400000,0x00000000e8400000,0x00000000e9480000)
 ParOldGen       total 170496K, used 20840K [0x00000000a0000000, 0x00000000aa680000, 0x00000000e0000000)
  object space 170496K, 12% used [0x00000000a0000000,0x00000000a145a008,0x00000000aa680000)
 Metaspace       used 57429K, capacity 59080K, committed 59136K, reserved 1099776K
  class space    used 7746K, capacity 8180K, committed 8192K, reserved 1048576K
Event: 11.320 GC heap after
Heap after GC invocations=11 (full 2):
 PSYoungGen      total 152064K, used 16887K [0x00000000e0000000, 0x00000000ec980000, 0x0000000100000000)
  eden space 135168K, 0% used [0x00000000e0000000,0x00000000e0000000,0x00000000e8400000)
  from space 16896K, 99% used [0x00000000e8400000,0x00000000e947df58,0x00000000e9480000)
  to   space 20480K, 0% used [0x00000000eb580000,0x00000000eb580000,0x00000000ec980000)
 ParOldGen       total 170496K, used 24766K [0x00000000a0000000, 0x00000000aa680000, 0x00000000e0000000)
  object space 170496K, 14% used [0x00000000a0000000,0x00000000a182f820,0x00000000aa680000)
 Metaspace       used 57429K, capacity 59080K, committed 59136K, reserved 1099776K
  class space    used 7746K, capacity 8180K, committed 8192K, reserved 1048576K
}
Event: 11.320 GC heap before
{Heap before GC invocations=12 (full 3):
 PSYoungGen      total 152064K, used 16887K [0x00000000e0000000, 0x00000000ec980000, 0x0000000100000000)
  eden space 135168K, 0% used [0x00000000e0000000,0x00000000e0000000,0x00000000e8400000)
  from space 16896K, 99% used [0x00000000e8400000,0x00000000e947df58,0x00000000e9480000)
  to   space 20480K, 0% used [0x00000000eb580000,0x00000000eb580000,0x00000000ec980000)
 ParOldGen       total 170496K, used 24766K [0x00000000a0000000, 0x00000000aa680000, 0x00000000e0000000)
  object space 170496K, 14% used [0x00000000a0000000,0x00000000a182f820,0x00000000aa680000)
 Metaspace       used 57429K, capacity 59080K, committed 59136K, reserved 1099776K
  class space    used 7746K, capacity 8180K, committed 8192K, reserved 1048576K
Event: 11.459 GC heap after
Heap after GC invocations=12 (full 3):
 PSYoungGen      total 152064K, used 0K [0x00000000e0000000, 0x00000000ec980000, 0x0000000100000000)
  eden space 135168K, 0% used [0x00000000e0000000,0x00000000e0000000,0x00000000e8400000)
  from space 16896K, 0% used [0x00000000e8400000,0x00000000e8400000,0x00000000e9480000)
  to   space 20480K, 0% used [0x00000000eb580000,0x00000000eb580000,0x00000000ec980000)
 ParOldGen       total 258048K, used 34370K [0x00000000a0000000, 0x00000000afc00000, 0x00000000e0000000)
  object space 258048K, 13% used [0x00000000a0000000,0x00000000a2190a50,0x00000000afc00000)
 Metaspace       used 57414K, capacity 59032K, committed 59136K, reserved 1099776K
  class space    used 7742K, capacity 8172K, committed 8192K, reserved 1048576K
}
Event: 13.473 GC heap before
{Heap before GC invocations=13 (full 3):
 PSYoungGen      total 152064K, used 135168K [0x00000000e0000000, 0x00000000ec980000, 0x0000000100000000)
  eden space 135168K, 100% used [0x00000000e0000000,0x00000000e8400000,0x00000000e8400000)
  from space 16896K, 0% used [0x00000000e8400000,0x00000000e8400000,0x00000000e9480000)
  to   space 20480K, 0% used [0x00000000eb580000,0x00000000eb580000,0x00000000ec980000)
 ParOldGen       total 258048K, used 34370K [0x00000000a0000000, 0x00000000afc00000, 0x00000000e0000000)
  object space 258048K, 13% used [0x00000000a0000000,0x00000000a2190a50,0x00000000afc00000)
 Metaspace       used 66655K, capacity 68742K, committed 68864K, reserved 1107968K
  class space    used 9169K, capacity 9655K, committed 9728K, reserved 1048576K
Event: 13.482 GC heap after
Heap after GC invocations=13 (full 3):
 PSYoungGen      total 172032K, used 13249K [0x00000000e0000000, 0x00000000ec280000, 0x0000000100000000)
  eden space 158720K, 0% used [0x00000000e0000000,0x00000000e0000000,0x00000000e9b00000)
  from space 13312K, 99% used [0x00000000eb580000,0x00000000ec2706a8,0x00000000ec280000)
  to   space 19968K, 0% used [0x00000000e9b80000,0x00000000e9b80000,0x00000000eaf00000)
 ParOldGen       total 258048K, used 34378K [0x00000000a0000000, 0x00000000afc00000, 0x00000000e0000000)
  object space 258048K, 13% used [0x00000000a0000000,0x00000000a2192a50,0x00000000afc00000)
 Metaspace       used 66655K, capacity 68742K, committed 68864K, reserved 1107968K
  class space    used 9169K, capacity 9655K, committed 9728K, reserved 1048576K
}
Event: 83.946 GC heap before
{Heap before GC invocations=14 (full 3):
 PSYoungGen      total 172032K, used 171969K [0x00000000e0000000, 0x00000000ec280000, 0x0000000100000000)
  eden space 158720K, 100% used [0x00000000e0000000,0x00000000e9b00000,0x00000000e9b00000)
  from space 13312K, 99% used [0x00000000eb580000,0x00000000ec2706a8,0x00000000ec280000)
  to   space 19968K, 0% used [0x00000000e9b80000,0x00000000e9b80000,0x00000000eaf00000)
 ParOldGen       total 258048K, used 34378K [0x00000000a0000000, 0x00000000afc00000, 0x00000000e0000000)
  object space 258048K, 13% used [0x00000000a0000000,0x00000000a2192a50,0x00000000afc00000)
 Metaspace       used 75125K, capacity 77682K, committed 77824K, reserved 1116160K
  class space    used 9931K, capacity 10485K, committed 10496K, reserved 1048576K
Event: 84.045 GC heap after
Heap after GC invocations=14 (full 3):
 PSYoungGen      total 179200K, used 19963K [0x00000000e0000000, 0x00000000ede80000, 0x0000000100000000)
  eden space 159232K, 0% used [0x00000000e0000000,0x00000000e0000000,0x00000000e9b80000)
  from space 19968K, 99% used [0x00000000e9b80000,0x00000000eaefee18,0x00000000eaf00000)
  to   space 23040K, 0% used [0x00000000ec800000,0x00000000ec800000,0x00000000ede80000)
 ParOldGen       total 258048K, used 35763K [0x00000000a0000000, 0x00000000afc00000, 0x00000000e0000000)
  object space 258048K, 13% used [0x00000000a0000000,0x00000000a22ecd78,0x00000000afc00000)
 Metaspace       used 75125K, capacity 77682K, committed 77824K, reserved 1116160K
  class space    used 9931K, capacity 10485K, committed 10496K, reserved 1048576K
}

